Determining if the pthread_create exist failed with the following output:
Change Dir: /home/robotclass/fastsim/build/flightgoggles_uav_dynamics/CMakeFiles/CMakeTmp

Run Build Command:"/usr/bin/make" "cmTC_ce006/fast"
/usr/bin/make -f CMakeFiles/cmTC_ce006.dir/build.make CMakeFiles/cmTC_ce006.dir/build
make[1]: Entering directory '/home/robotclass/fastsim/build/flightgoggles_uav_dynamics/CMakeFiles/CMakeTmp'
Building C object CMakeFiles/cmTC_ce006.dir/CheckSymbolExists.c.o
/usr/bin/cc     -o CMakeFiles/cmTC_ce006.dir/CheckSymbolExists.c.o   -c /home/robotclass/fastsim/build/flightgoggles_uav_dynamics/CMakeFiles/CMakeTmp/CheckSymbolExists.c
Linking C executable cmTC_ce006
/usr/bin/cmake -E cmake_link_script CMakeFiles/cmTC_ce006.dir/link.txt --verbose=1
/usr/bin/cc       CMakeFiles/cmTC_ce006.dir/CheckSymbolExists.c.o  -o cmTC_ce006 -rdynamic 
CMakeFiles/cmTC_ce006.dir/CheckSymbolExists.c.o: In function `main':
CheckSymbolExists.c:(.text+0x16): undefined reference to `pthread_create'
collect2: error: ld returned 1 exit status
CMakeFiles/cmTC_ce006.dir/build.make:97: recipe for target 'cmTC_ce006' failed
make[1]: *** [cmTC_ce006] Error 1
make[1]: Leaving directory '/home/robotclass/fastsim/build/flightgoggles_uav_dynamics/CMakeFiles/CMakeTmp'
Makefile:126: recipe for target 'cmTC_ce006/fast' failed
make: *** [cmTC_ce006/fast] Error 2

File /home/robotclass/fastsim/build/flightgoggles_uav_dynamics/CMakeFiles/CMakeTmp/CheckSymbolExists.c:
/* */
#include <pthread.h>

int main(int argc, char** argv)
{
  (void)argv;
#ifndef pthread_create
  return ((int*)(&pthread_create))[argc];
#else
  (void)argc;
  return 0;
#endif
}

Determining if the function pthread_create exists in the pthreads failed with the following output:
Change Dir: /home/robotclass/fastsim/build/flightgoggles_uav_dynamics/CMakeFiles/CMakeTmp

Run Build Command:"/usr/bin/make" "cmTC_95a9c/fast"
/usr/bin/make -f CMakeFiles/cmTC_95a9c.dir/build.make CMakeFiles/cmTC_95a9c.dir/build
make[1]: Entering directory '/home/robotclass/fastsim/build/flightgoggles_uav_dynamics/CMakeFiles/CMakeTmp'
Building C object CMakeFiles/cmTC_95a9c.dir/CheckFunctionExists.c.o
/usr/bin/cc    -DCHECK_FUNCTION_EXISTS=pthread_create   -o CMakeFiles/cmTC_95a9c.dir/CheckFunctionExists.c.o   -c /usr/share/cmake-3.5/Modules/CheckFunctionExists.c
Linking C executable cmTC_95a9c
/usr/bin/cmake -E cmake_link_script CMakeFiles/cmTC_95a9c.dir/link.txt --verbose=1
/usr/bin/cc   -DCHECK_FUNCTION_EXISTS=pthread_create    CMakeFiles/cmTC_95a9c.dir/CheckFunctionExists.c.o  -o cmTC_95a9c -rdynamic -lpthreads 
/usr/bin/ld: cannot find -lpthreads
collect2: error: ld returned 1 exit status
CMakeFiles/cmTC_95a9c.dir/build.make:97: recipe for target 'cmTC_95a9c' failed
make[1]: *** [cmTC_95a9c] Error 1
make[1]: Leaving directory '/home/robotclass/fastsim/build/flightgoggles_uav_dynamics/CMakeFiles/CMakeTmp'
Makefile:126: recipe for target 'cmTC_95a9c/fast' failed
make: *** [cmTC_95a9c/fast] Error 2


